<?xml version='1.0' encoding='UTF-8'?>
<testsuite hostname="DESKTOP-62LQ6GO" name="com.lightbend.training.scalatrain.TrainSpec" tests="2" errors="0" failures="0" skipped="0" time="0.031" timestamp="2020-05-10T15:13:18">
                     <properties>
      <property name="jline.esc.timeout" value="0"/><property name="java.runtime.name" value="Java(TM) SE Runtime Environment"/><property name="sun.boot.library.path" value="C:\apps\java\jdk1.8.0_171\jre\bin"/><property name="java.vm.version" value="25.171-b11"/><property name="java.vm.vendor" value="Oracle Corporation"/><property name="java.vendor.url" value="http://java.oracle.com/"/><property name="path.separator" value=";"/><property name="jna.loaded" value="true"/><property name="java.vm.name" value="Java HotSpot(TM) 64-Bit Server VM"/><property name="file.encoding.pkg" value="sun.io"/><property name="user.country" value="US"/><property name="user.script" value=""/><property name="sun.java.launcher" value="SUN_STANDARD"/><property name="sun.os.patch.level" value=""/><property name="jna.nosys" value="true"/><property name="java.vm.specification.name" value="Java Virtual Machine Specification"/><property name="user.dir" value="C:\Users\dell\Documents\A-Study\Scala\LSL-P-lightbend-scala-language-professional\exercises"/><property name="java.runtime.version" value="1.8.0_171-b11"/><property name="java.awt.graphicsenv" value="sun.awt.Win32GraphicsEnvironment"/><property name="idea.managed" value="true"/><property name="java.endorsed.dirs" value="C:\apps\java\jdk1.8.0_171\jre\lib\endorsed"/><property name="os.arch" value="amd64"/><property name="java.io.tmpdir" value="C:\Users\dell\AppData\Local\Temp\"/><property name="line.separator" value="
"/><property name="java.vm.specification.vendor" value="Oracle Corporation"/><property name="log4j.ignoreTCL" value="true"/><property name="user.variant" value=""/><property name="os.name" value="Windows 10"/><property name="sbt.log.noformat" value="true"/><property name="sun.jnu.encoding" value="Cp1252"/><property name="jnidispatch.path" value="C:\Users\dell\AppData\Local\Temp\jna-3079617\jna7353454087419579097.dll"/><property name="java.library.path" value="C:\apps\java\jdk1.8.0_171\bin;C:\WINDOWS\Sun\Java\bin;C:\WINDOWS\system32;C:\WINDOWS;C:\WINDOWS\system32;C:\WINDOWS;C:\WINDOWS\System32\Wbem;C:\WINDOWS\System32\WindowsPowerShell\v1.0\;C:\WINDOWS\System32\OpenSSH\;C:\Program Files\Git\cmd;C:\Program Files\nodejs\;C:\apps\java\jdk1.8.0_171\bin;C:\Users\dell\AppData\Local\Microsoft\WindowsApps;;C:\Users\dell\AppData\Local\Programs\Microsoft VS Code\bin;C:\Users\dell\AppData\Roaming\npm;."/><property name="java.specification.name" value="Java Platform API Specification"/><property name="java.class.version" value="52.0"/><property name="sun.management.compiler" value="HotSpot 64-Bit Tiered Compilers"/><property name="os.version" value="10.0"/><property name="swoval.tmpdir" value="C:\Users\dell\.sbt\1.0"/><property name="user.home" value="C:\Users\dell"/><property name="user.timezone" value="America/Bogota"/><property name="java.awt.printerjob" value="sun.awt.windows.WPrinterJob"/><property name="file.encoding" value="UTF-8"/><property name="java.specification.version" value="1.8"/><property name="java.class.path" value="C:\Users\dell\.IdeaIC2019.3\config\plugins\Scala\launcher\sbt-launch.jar"/><property name="user.name" value="dell"/><property name="jline.shutdownhook" value="false"/><property name="java.vm.specification.version" value="1.8"/><property name="sun.java.command" value="C:\Users\dell\.IdeaIC2019.3\config\plugins\Scala\launcher\sbt-launch.jar early(addPluginSbtFile=&quot;&quot;&quot;C:\Users\dell\AppData\Local\Temp\idea.sbt&quot;&quot;&quot;) ; set ideaPort in Global := 52229 ; idea-shell"/><property name="java.home" value="C:\apps\java\jdk1.8.0_171\jre"/><property name="sun.arch.data.model" value="64"/><property name="user.language" value="en"/><property name="java.specification.vendor" value="Oracle Corporation"/><property name="awt.toolkit" value="sun.awt.windows.WToolkit"/><property name="java.vm.info" value="mixed mode"/><property name="java.version" value="1.8.0_171"/><property name="java.ext.dirs" value="C:\apps\java\jdk1.8.0_171\jre\lib\ext;C:\WINDOWS\Sun\Java\lib\ext"/><property name="sun.boot.class.path" value="C:\apps\java\jdk1.8.0_171\jre\lib\resources.jar;C:\apps\java\jdk1.8.0_171\jre\lib\rt.jar;C:\apps\java\jdk1.8.0_171\jre\lib\sunrsasign.jar;C:\apps\java\jdk1.8.0_171\jre\lib\jsse.jar;C:\apps\java\jdk1.8.0_171\jre\lib\jce.jar;C:\apps\java\jdk1.8.0_171\jre\lib\charsets.jar;C:\apps\java\jdk1.8.0_171\jre\lib\jfr.jar;C:\apps\java\jdk1.8.0_171\jre\classes"/><property name="java.vendor" value="Oracle Corporation"/><property name="sun.stderr.encoding" value="cp437"/><property name="file.separator" value="\"/><property name="java.vendor.url.bug" value="http://bugreport.sun.com/bugreport/"/><property name="sbt.supershell" value="false"/><property name="sun.io.unicode.encoding" value="UnicodeLittle"/><property name="sun.cpu.endian" value="little"/><property name="sun.stdout.encoding" value="cp437"/><property name="sun.desktop" value="windows"/><property name="sun.cpu.isalist" value="amd64"/>
    </properties>
                     <testcase classname="com.lightbend.training.scalatrain.TrainSpec" name="Creating a Train should throw an IllegalArgumentException for a schedule with 0 or 1 elements" time="0.031">
                                                 
                                               </testcase><testcase classname="com.lightbend.training.scalatrain.TrainSpec" name="stations should be initialized correctly" time="0.0">
                                                 
                                               </testcase>
                     <system-out><![CDATA[]]></system-out>
                     <system-err><![CDATA[]]></system-err>
                   </testsuite>